<?xml version="1.0" encoding="UTF-8"?>
<!-- Generated by org.testng.reporters.JUnitReportReporter -->
<testsuite hostname="chetanpc" name="org.Sample2.Test2.NewTest2" tests="1" failures="0" timestamp="25 Apr 2017 14:37:43 GMT" time="32.716" errors="0">
  <testcase name="Test1" time="32.716" classname="org.Sample2.Test2.NewTest2"/>
</testsuite> <!-- org.Sample2.Test2.NewTest2 -->
